2025-11-23 19:42:00 | DEBUG | repo=2017-course-sys-int-activemq-seminar | action=commit
2025-02-23 18:58:00 | DEBUG | repo=2017-course-sys-int-activemq-seminar | action=edit | files=5
2025-02-12 18:44:00 | DEBUG | repo=2017-course-sys-int-activemq-seminar | action=commit
2025-12-11 13:17:00 | INFO | repo=2017-course-sys-int-activemq-seminar | action=commit
2025-08-06 18:31:00 | DEBUG | repo=2017-course-sys-int-activemq-seminar | action=commit
2025-11-19 07:39:00 | WARN | repo=2017-course-sys-int-activemq-seminar | action=commit
2025-03-15 14:53:00 | INFO | repo=2017-course-sys-int-activemq-seminar | action=commit
2025-11-08 19:34:00 | DEBUG | repo=2017-course-sys-int-activemq-seminar | action=commit
2025-06-06 19:19:00 | INFO | repo=2017-course-sys-int-activemq-seminar | action=commit
2025-11-14 11:14:00 | INFO | repo=2017-course-sys-int-activemq-seminar | action=commit
2025-11-09 14:44:00 | WARN | repo=2017-course-sys-int-activemq-seminar | action=commit
2025-10-28 19:39:00 | DEBUG | repo=2017-course-sys-int-activemq-seminar | action=edit | files=5
2025-06-23 20:49:00 | INFO | repo=2017-course-sys-int-activemq-seminar | action=commit
2025-01-01 10:37:00 | DEBUG | repo=2017-course-sys-int-activemq-seminar | action=commit
2025-05-13 15:10:00 | INFO | repo=2017-course-sys-int-activemq-seminar | action=edit | files=4
2025-07-17 08:46:00 | WARN | repo=2017-course-sys-int-activemq-seminar | action=commit
2025-05-08 07:14:00 | INFO | repo=2017-course-sys-int-activemq-seminar | action=commit
2025-08-01 12:13:00 | WARN | repo=2017-course-sys-int-activemq-seminar | action=commit
2025-05-11 15:06:00 | INFO | repo=2017-course-sys-int-activemq-seminar | action=test | passed=true
2025-06-16 12:22:00 | INFO | repo=2017-course-sys-int-activemq-seminar | action=commit
2025-05-28 08:20:00 | WARN | repo=2017-course-sys-int-activemq-seminar | action=commit
2025-04-13 08:31:00 | WARN | repo=2017-course-sys-int-activemq-seminar | action=edit | files=5
2025-02-02 08:23:00 | DEBUG | repo=2017-course-sys-int-activemq-seminar | action=edit | files=5
2025-11-05 11:29:00 | INFO | repo=2017-course-sys-int-activemq-seminar | action=pull
2025-04-24 21:24:00 | DEBUG | repo=2017-course-sys-int-activemq-seminar | action=edit | files=4
2025-01-11 19:03:00 | INFO | repo=2017-course-sys-int-activemq-seminar | action=commit
2025-05-04 15:27:00 | DEBUG | repo=2017-course-sys-int-activemq-seminar | action=commit
2025-06-13 18:56:00 | WARN | repo=2017-course-sys-int-activemq-seminar | action=commit
2025-01-17 19:29:00 | INFO | repo=2017-course-sys-int-activemq-seminar | action=pull
2025-08-05 21:02:00 | WARN | repo=2017-course-sys-int-activemq-seminar | action=commit
2025-11-28 07:38:00 | DEBUG | repo=2017-course-sys-int-activemq-seminar | action=commit
2025-04-01 08:28:00 | WARN | repo=2017-course-sys-int-activemq-seminar | action=commit
2025-06-01 16:32:00 | DEBUG | repo=2017-course-sys-int-activemq-seminar | action=test | passed=true
2025-07-05 19:50:00 | INFO | repo=2017-course-sys-int-activemq-seminar | action=commit
2025-12-24 17:01:00 | DEBUG | repo=2017-course-sys-int-activemq-seminar | action=pull
2025-06-23 16:36:00 | DEBUG | repo=2017-course-sys-int-activemq-seminar | action=test | passed=true
2025-03-10 20:50:00 | WARN | repo=2017-course-sys-int-activemq-seminar | action=commit
2025-07-04 08:49:00 | INFO | repo=2017-course-sys-int-activemq-seminar | action=pull
2025-07-17 08:28:00 | WARN | repo=2017-course-sys-int-activemq-seminar | action=commit
2025-09-04 16:58:00 | INFO | repo=2017-course-sys-int-activemq-seminar | action=commit
2025-09-11 18:45:00 | INFO | repo=2017-course-sys-int-activemq-seminar | action=test | passed=true
2025-10-15 15:12:00 | WARN | repo=2017-course-sys-int-activemq-seminar | action=commit
2025-02-15 07:15:00 | DEBUG | repo=2017-course-sys-int-activemq-seminar | action=commit
2025-03-05 19:33:00 | WARN | repo=2017-course-sys-int-activemq-seminar | action=commit
2025-03-16 07:16:00 | WARN | repo=2017-course-sys-int-activemq-seminar | action=commit
2025-07-06 20:54:00 | DEBUG | repo=2017-course-sys-int-activemq-seminar | action=commit
2025-06-12 20:16:00 | DEBUG | repo=2017-course-sys-int-activemq-seminar | action=commit
2025-07-05 17:37:00 | DEBUG | repo=2017-course-sys-int-activemq-seminar | action=commit
2025-07-08 10:22:00 | WARN | repo=2017-course-sys-int-activemq-seminar | action=commit
2025-01-23 21:39:00 | DEBUG | repo=2017-course-sys-int-activemq-seminar | action=pull
2025-07-12 09:38:00 | WARN | repo=2017-course-sys-int-activemq-seminar | action=commit
2025-10-07 10:05:00 | INFO | repo=2017-course-sys-int-activemq-seminar | action=commit
2025-03-14 17:54:00 | WARN | repo=2017-course-sys-int-activemq-seminar | action=commit
2025-04-18 09:08:00 | DEBUG | repo=2017-course-sys-int-activemq-seminar | action=commit
2025-06-08 15:42:00 | WARN | repo=2017-course-sys-int-activemq-seminar | action=commit
2025-11-02 19:15:00 | DEBUG | repo=2017-course-sys-int-activemq-seminar | action=commit
2025-05-04 13:06:00 | DEBUG | repo=2017-course-sys-int-activemq-seminar | action=commit
2025-03-08 11:40:00 | DEBUG | repo=2017-course-sys-int-activemq-seminar | action=commit
2025-10-20 16:10:00 | DEBUG | repo=2017-course-sys-int-activemq-seminar | action=commit
2025-02-09 20:46:00 | DEBUG | repo=2017-course-sys-int-activemq-seminar | action=commit
2025-01-26 18:44:00 | DEBUG | repo=2017-course-sys-int-activemq-seminar | action=commit
2025-12-13 18:31:00 | INFO | repo=2017-course-sys-int-activemq-seminar | action=pull
2025-08-04 20:30:00 | DEBUG | repo=2017-course-sys-int-activemq-seminar | action=commit
2025-02-22 07:54:00 | WARN | repo=2017-course-sys-int-activemq-seminar | action=commit
2025-06-24 08:24:00 | WARN | repo=2017-course-sys-int-activemq-seminar | action=commit
2025-11-15 08:00:00 | DEBUG | repo=2017-course-sys-int-activemq-seminar | action=commit
2025-04-05 07:27:00 | INFO | repo=2017-course-sys-int-activemq-seminar | action=commit
2025-10-20 09:49:00 | INFO | repo=2017-course-sys-int-activemq-seminar | action=edit | files=1
2025-03-14 12:08:00 | INFO | repo=2017-course-sys-int-activemq-seminar | action=commit
2025-04-22 10:15:00 | INFO | repo=2017-course-sys-int-activemq-seminar | action=test | passed=true
2025-12-25 14:59:00 | WARN | repo=2017-course-sys-int-activemq-seminar | action=commit
2025-01-07 11:47:00 | WARN | repo=2017-course-sys-int-activemq-seminar | action=commit
2025-12-18 10:26:00 | INFO | repo=2017-course-sys-int-activemq-seminar | action=pull
2025-12-14 07:48:00 | INFO | repo=2017-course-sys-int-activemq-seminar | action=commit
2025-07-15 09:42:00 | INFO | repo=2017-course-sys-int-activemq-seminar | action=test | passed=true
2025-12-20 14:44:00 | INFO | repo=2017-course-sys-int-activemq-seminar | action=commit
2025-06-06 14:13:00 | INFO | repo=2017-course-sys-int-activemq-seminar | action=commit
2025-03-07 16:54:00 | WARN | repo=2017-course-sys-int-activemq-seminar | action=commit
2025-01-13 20:12:00 | WARN | repo=2017-course-sys-int-activemq-seminar | action=commit
2025-03-25 08:17:00 | INFO | repo=2017-course-sys-int-activemq-seminar | action=test | passed=true
2025-08-27 19:10:00 | DEBUG | repo=2017-course-sys-int-activemq-seminar | action=commit
2025-06-23 18:37:00 | DEBUG | repo=2017-course-sys-int-activemq-seminar | action=commit
2025-12-27 07:39:00 | WARN | repo=2017-course-sys-int-activemq-seminar | action=commit
2025-10-02 16:09:00 | DEBUG | repo=2017-course-sys-int-activemq-seminar | action=commit
2025-07-07 14:20:00 | INFO | repo=2017-course-sys-int-activemq-seminar | action=commit
2025-07-14 07:49:00 | INFO | repo=2017-course-sys-int-activemq-seminar | action=commit
2025-04-18 10:39:00 | INFO | repo=2017-course-sys-int-activemq-seminar | action=commit
2025-04-08 07:26:00 | WARN | repo=2017-course-sys-int-activemq-seminar | action=commit
2025-02-26 21:28:00 | WARN | repo=2017-course-sys-int-activemq-seminar | action=commit
2025-09-13 21:44:00 | WARN | repo=2017-course-sys-int-activemq-seminar | action=commit
2025-11-17 08:08:00 | WARN | repo=2017-course-sys-int-activemq-seminar | action=commit
2025-06-21 18:00:00 | DEBUG | repo=2017-course-sys-int-activemq-seminar | action=commit
2025-04-07 07:20:00 | INFO | repo=2017-course-sys-int-activemq-seminar | action=commit
2025-02-15 15:17:00 | INFO | repo=2017-course-sys-int-activemq-seminar | action=commit
2025-10-26 08:32:00 | DEBUG | repo=2017-course-sys-int-activemq-seminar | action=test | passed=true
2025-01-26 08:01:00 | INFO | repo=2017-course-sys-int-activemq-seminar | action=commit
2025-02-05 09:20:00 | WARN | repo=2017-course-sys-int-activemq-seminar | action=commit
2025-05-13 19:26:00 | WARN | repo=2017-course-sys-int-activemq-seminar | action=pull
2025-01-10 13:51:00 | DEBUG | repo=2017-course-sys-int-activemq-seminar | action=commit
2025-04-22 15:37:00 | WARN | repo=2017-course-sys-int-activemq-seminar | action=commit
2025-06-06 16:03:00 | INFO | repo=2017-course-sys-int-activemq-seminar | action=commit
2025-11-10 19:53:00 | INFO | repo=2017-course-sys-int-activemq-seminar | action=test | passed=true
2025-01-26 20:02:00 | DEBUG | repo=2017-course-sys-int-activemq-seminar | action=edit | files=4
2025-06-08 15:06:00 | INFO | repo=2017-course-sys-int-activemq-seminar | action=commit
2025-10-24 14:52:00 | WARN | repo=2017-course-sys-int-activemq-seminar | action=edit | files=5
2025-09-28 14:01:00 | INFO | repo=2017-course-sys-int-activemq-seminar | action=commit
2025-07-15 20:54:00 | WARN | repo=2017-course-sys-int-activemq-seminar | action=commit
2025-09-01 11:32:00 | DEBUG | repo=2017-course-sys-int-activemq-seminar | action=pull
2025-07-17 13:34:00 | WARN | repo=2017-course-sys-int-activemq-seminar | action=commit
